<?xml version="1.0" encoding="UTF-8"?>
<!-- Generated by org.testng.reporters.JUnitReportReporter -->
<testsuite hostname="QSP" failures="0" tests="1" name="testng.Testcase2" time="20.793" errors="0" timestamp="2021-06-17T08:00:36 IST" skipped="0">
  <testcase classname="testng.Testcase2" name="forgotpaswsord" time="20.793"/>
</testsuite> <!-- testng.Testcase2 -->
