<?xml version="1.0" encoding="UTF-8"?>
<!-- Generated by org.testng.reporters.JUnitReportReporter -->
<testsuite hostname="QSP" failures="0" tests="1" name="testng.Testacse3" time="29.881" errors="0" timestamp="2021-06-17T08:04:45 IST" skipped="0">
  <testcase classname="testng.Testacse3" name="createapage" time="29.881"/>
</testsuite> <!-- testng.Testacse3 -->
