<?xml version="1.0" encoding="UTF-8"?>
<!-- Generated by org.testng.reporters.JUnitReportReporter -->
<testsuite hostname="QSP" failures="0" tests="1" name="testng.ParallelExecution" time="45.668" errors="0" timestamp="2021-06-18T07:35:01 IST" skipped="0">
  <testcase classname="testng.ParallelExecution" name="demo" time="45.668"/>
</testsuite> <!-- testng.ParallelExecution -->
