<?xml version="1.0" encoding="UTF-8"?>
<!-- Generated by org.testng.reporters.JUnitReportReporter -->
<testsuite hostname="QSP" failures="0" tests="1" name="testng.Testcase1" time="15.823" errors="0" timestamp="2021-06-17T08:00:36 IST" skipped="0">
  <testcase classname="testng.Testcase1" name="login" time="15.823"/>
</testsuite> <!-- testng.Testcase1 -->
