<?xml version="1.0" encoding="UTF-8"?>
<!-- Generated by org.testng.reporters.JUnitReportReporter -->
<testsuite hostname="QSP" failures="0" tests="5" name="testng.Test1" time="0.046" errors="0" timestamp="2021-06-17T07:33:31 IST" skipped="1">
  <testcase classname="testng.Test1" name="calls" time="0.025"/>
  <testcase classname="testng.Test1" name="calls" time="0.011"/>
  <testcase classname="testng.Test1" name="chats" time="0.006"/>
  <testcase classname="testng.Test1" name="calls" time="0.004"/>
  <testcase classname="testng.Test1" name="settings">
    <skipped/>
  </testcase> <!-- settings -->
</testsuite> <!-- testng.Test1 -->
